Arguments: 
  C:\Program Files\nodejs\node.exe C:\Users\HP\AppData\Roaming\npm\node_modules\yarn\bin\yarn.js add nodemon

PATH: 
  C:\oraclexe\app\oracle\product\10.2.0\server\bin;C:\ProgramData\Oracle\Java\javapath;C:\WINDOWS\system32;C:\WINDOWS;C:\WINDOWS\System32\Wbem;C:\WINDOWS\System32\WindowsPowerShell\v1.0\;C:\Program Files\MongoDB\Server\4.0\bin;C:\Program Files (x86)\Microsoft VS Code\bin;C:\WINDOWS\System32\OpenSSH\;C:\Program Files\Symfony;C:\Program Files\nodejs\;C:\Program Files\Git\cmd;C:\Program Files\MongoDB\Server\4.0\bin;C:\Users\HP\AppData\Local\Microsoft\WindowsApps;C:\xamp\php;C:\Users\HP\AppData\Local\ComposerSetup\bin;C:\Users\HP\AppData\Roaming\Composer\vendor\bin;C:\PhpStorm 2019.3.1\bin;;C:\wamp64\bin\php\php7.3.12;";C:\Program Files (x86)\Java\jre7\bin\";C:\Users\HP\AppData\Roaming\npm;C:\Program Files\heroku\bin;

Yarn version: 
  1.15.2

Node version: 
  14.15.5

Platform: 
  win32 x64

Trace: 
  Error: getaddrinfo ENOTFOUND registry.yarnpkg.com
      at GetAddrInfoReqWrap.onlookup [as oncomplete] (dns.js:67:26)

npm manifest: 
  {
    "name": "shopping",
    "version": "1.0.0",
    "description": "shopping list using MERN",
    "main": "server.js",
    "scripts": {
      "start": "node server.js",
      "server": "nodemon server.js"
    },
    "author": "Nidhal Nasri",
    "license": "ISC",
    "dependencies": {
      "body-parser": "^1.19.0",
      "concurrently": "^5.3.0",
      "express": "^4.17.1",
      "mongoose": "^5.11.17"
    }
  }

yarn manifest: 
  No manifest

Lockfile: 
  No lockfile
